   Parity =           -1     J =            0
       13.4358169062       14.7905985427       21.4440767082
       23.0185122413       25.1962105156       28.4071936529
       32.7108636351       36.3645480132       51.1835504695
       53.4049679879
 
   Parity =           -1     J =            1
       12.9502231987       14.6873799771       18.4251735899
       20.1437471690       20.3367531392       22.3958615055
       23.1736374969       24.2807664912       25.4160434358
       26.7543315853       27.2906689485       27.4232482084
       29.2572860288       30.1621030669       30.9874931167
       32.4719942561       32.7304021643       35.7484674623
       38.5498106748       50.6351305456       51.6661522784
       53.1732163659       53.9152508396       63.5398436265
 10000000.0000000000
 
   Parity =           -1     J =            2
       14.7430442439       15.6774521875       17.9334932938
       19.4591887180       21.0186126124       21.8868565474
       22.4880822385       23.1790937632       23.8570845435
       24.4960530997       25.5698959702       26.6471546581
       26.7912801606       28.4629832854       29.6404054694
       30.9464966216       31.6047449503       32.5879757816
       34.4659092863       34.8962533080       36.0717314687
       51.1430227886       53.3057098695       56.0476856758
       58.3330874337       63.7392464775
 
   Parity =           -1     J =            3
       12.3144264385       15.4300726973       20.5897174167
       22.0796377374       23.2130540733       23.8448052647
       26.2096748636       26.8733067622       28.5347846636
       29.8647973616       31.6174897574       34.3686293018
       34.7804487815       34.9937689078       35.9311037819
       37.0381563389       55.6743683634       56.0901238682
       57.9247085394       58.4461445112
 
   Parity =           -1     J =            4
       22.9415578949       24.0672843526       26.0981856929
       26.2466506165       28.1614291952       29.8324090335
       31.7445768821       34.7562909809       34.9038262463
       36.9649195866       55.6870675988       57.8883505303
 
   Parity =           -1     J =            5
       26.0781274119       28.1417242111       34.7546313026
       34.9534912001       36.9981492994
 
   Parity =           -1     J =            6
       34.7769019052       36.9912983858
 
   Parity =            1     J =            0
       16.6023715984       18.5392481126       24.5621220902
       26.8792709617       36.0841139296       45.0557840418
       50.0103170587       54.6360282955       59.1542090366
 
   Parity =            1     J =            1
       16.3722054988       16.5731274214       18.2831863207
       18.5032335575       24.9750268704       25.4928610125
       27.0466921704       27.5309216644       28.6096005785
       29.9973229116       32.1820748159       37.4099625987
       48.6695182152       50.3538799964       52.6243472638
       54.4734793243       57.1651010554       58.8176089988
       60.6098606856       62.1349631547
 
   Parity =            1     J =            2
       16.2310964316       18.1441446054       21.2927162183
       23.3295864018       24.9188929650       25.4119383260
       27.0496779744       27.4769449634       28.3785318232
       29.5697759517       30.1206878906       31.7158834167
       32.3777556306       37.2803997406       46.3036562350
       50.6732135702       52.9950633510       54.7353059517
       55.8536426976       57.9390456077       60.9536573597
       62.6409968072
 
   Parity =            1     J =            3
       21.0175474062       21.3335531248       22.9796603141
       23.3837275388       25.0645250343       27.1077175840
       29.6336233126       30.0109415526       31.7045105513
       32.2041309218       37.3843224266       49.1810745689
       50.2730990439       55.9537766009       57.9697883996
       60.9185322612
 
   Parity =            1     J =            4
       20.9746793280       22.9291041563       29.6238516361
       30.0460757041       31.7489377065       32.2970978854
       60.7658844256       60.9662905836       63.1248020960
 
   Parity =            1     J =            5
       29.6830408256       31.7834984384       60.7785718910
       63.0967801547
 
